<?xml version="1.0" encoding="UTF-8"?>
<!-- Generated by org.testng.reporters.JUnitXMLReporter -->
<testsuite ignored="0" hostname="DESKTOP-LLRELV1" failures="1" tests="1" name="Default test(failed)" time="10.21" errors="0" timestamp="14 Jan 2025 12:34:21 GMT">
  <testcase classname="TestScript.LoginTest" name="login" time="2.935">
    <failure type="java.lang.AssertionError" message="The following asserts failed:
	expected [hbdfhjbdshbdbch] but found [Demo Web Shop. Login]">
      <![CDATA[java.lang.AssertionError: The following asserts failed:
expected [hbdfhjbdshbdbch] but found [Demo Web Shop. Login]
at TestScript.LoginTest.login(LoginTest.java:43)
... Removed 24 stack frames]]>
    </failure>
  </testcase> <!-- login -->
</testsuite> <!-- Default test(failed) -->
